<?xml version="1.0" encoding="UTF-8"?>
<!-- Generated by org.testng.reporters.JUnitReportReporter -->
<testsuite hostname="DESKTOP-M6P8TUO" failures="0" tests="1" name="dallas.CommonActions.Common" time="5.781" errors="0" timestamp="2023-04-14T12:06:51 IST" skipped="0">
  <testcase classname="dallas.CommonActions.Common" name="launchBrowser" time="5.781"/>
  <system-out/>
</testsuite> <!-- dallas.CommonActions.Common -->
