<?xml version="1.0" encoding="UTF-8"?>
<!-- Generated by org.testng.reporters.JUnitReportReporter -->
<testsuite hostname="DESKTOP-M6P8TUO" failures="0" tests="1" name="letcode.Testcases.TcInputModule" time="0.311" errors="0" timestamp="2023-08-18T15:24:19 IST" skipped="0">
  <testcase classname="letcode.Testcases.TcInputModule" name="InputModule" time="0.311"/>
  <system-out/>
</testsuite> <!-- letcode.Testcases.TcInputModule -->
