<?xml version="1.0" encoding="UTF-8"?>
<!-- Generated by org.testng.reporters.JUnitReportReporter -->
<testsuite hostname="DESKTOP-M6P8TUO" failures="0" tests="1" name="dallas.Tc.Tc_Sample" time="11.012" errors="0" timestamp="2023-06-14T13:24:01 IST" skipped="0">
  <testcase classname="dallas.Tc.Tc_Sample" name="browser" time="11.012"/>
  <system-out/>
</testsuite> <!-- dallas.Tc.Tc_Sample -->
