<?xml version="1.0" encoding="UTF-8"?>
<!-- Generated by org.testng.reporters.JUnitReportReporter -->
<testsuite hostname="DESKTOP-M6P8TUO" failures="0" tests="1" name="dallas.Tc.Tc_Login_P" time="35.423" errors="0" timestamp="2023-04-14T13:03:26 IST" skipped="0">
  <testcase classname="dallas.Tc.Tc_Login_P" name="Login" time="35.423"/>
  <system-out/>
</testsuite> <!-- dallas.Tc.Tc_Login_P -->
