<?xml version="1.0" encoding="UTF-8"?>
<!-- Generated by org.testng.reporters.JUnitReportReporter -->
<testsuite hostname="DESKTOP-M6P8TUO" failures="0" tests="1" name="letcode.CommonAction.BrowserInitialize" time="7.138" errors="0" timestamp="2023-08-17T15:35:05 IST" skipped="0">
  <testcase classname="letcode.CommonAction.BrowserInitialize" name="launchBrowser" time="7.138"/>
  <system-out/>
</testsuite> <!-- letcode.CommonAction.BrowserInitialize -->
